{"timestamp":"2025-09-20T08:16:10.962Z","level":"WARN","message":"Security event: user_management_denied","event":"user_management_denied","id":"cmfrwuebu0006vzzcng9ypuv6","email":"admin@erp-system.com","roleId":"cmfrwudtd0000vzzco8ifz7hf"}
{"timestamp":"2025-09-20T08:16:10.967Z","level":"WARN","message":"Security event: insufficient_role","event":"insufficient_role","id":"cmfrwuebu0006vzzcng9ypuv6","email":"admin@erp-system.com","roleId":"cmfrwudtd0000vzzco8ifz7hf"}
{"timestamp":"2025-09-20T08:16:11.980Z","level":"WARN","message":"Security event: user_management_denied","event":"user_management_denied","id":"cmfrwuebu0006vzzcng9ypuv6","email":"admin@erp-system.com","roleId":"cmfrwudtd0000vzzco8ifz7hf"}
{"timestamp":"2025-09-20T08:16:11.986Z","level":"WARN","message":"Security event: insufficient_role","event":"insufficient_role","id":"cmfrwuebu0006vzzcng9ypuv6","email":"admin@erp-system.com","roleId":"cmfrwudtd0000vzzco8ifz7hf"}
{"timestamp":"2025-09-20T08:16:30.814Z","level":"WARN","message":"Security event: insufficient_role","event":"insufficient_role","id":"cmfrwuebu0006vzzcng9ypuv6","email":"admin@erp-system.com","roleId":"cmfrwudtd0000vzzco8ifz7hf"}
{"timestamp":"2025-09-20T08:16:30.817Z","level":"WARN","message":"Security event: user_management_denied","event":"user_management_denied","id":"cmfrwuebu0006vzzcng9ypuv6","email":"admin@erp-system.com","roleId":"cmfrwudtd0000vzzco8ifz7hf"}
{"timestamp":"2025-09-20T08:16:31.828Z","level":"WARN","message":"Security event: insufficient_role","event":"insufficient_role","id":"cmfrwuebu0006vzzcng9ypuv6","email":"admin@erp-system.com","roleId":"cmfrwudtd0000vzzco8ifz7hf"}
{"timestamp":"2025-09-20T08:16:31.833Z","level":"WARN","message":"Security event: user_management_denied","event":"user_management_denied","id":"cmfrwuebu0006vzzcng9ypuv6","email":"admin@erp-system.com","roleId":"cmfrwudtd0000vzzco8ifz7hf"}
{"timestamp":"2025-09-20T08:16:34.461Z","level":"WARN","message":"Security event: user_management_denied","event":"user_management_denied","id":"cmfrwuebu0006vzzcng9ypuv6","email":"admin@erp-system.com","roleId":"cmfrwudtd0000vzzco8ifz7hf"}
{"timestamp":"2025-09-20T08:16:34.466Z","level":"WARN","message":"Security event: insufficient_role","event":"insufficient_role","id":"cmfrwuebu0006vzzcng9ypuv6","email":"admin@erp-system.com","roleId":"cmfrwudtd0000vzzco8ifz7hf"}
{"timestamp":"2025-09-20T08:16:35.472Z","level":"WARN","message":"Security event: user_management_denied","event":"user_management_denied","id":"cmfrwuebu0006vzzcng9ypuv6","email":"admin@erp-system.com","roleId":"cmfrwudtd0000vzzco8ifz7hf"}
{"timestamp":"2025-09-20T08:16:35.496Z","level":"WARN","message":"Security event: insufficient_role","event":"insufficient_role","id":"cmfrwuebu0006vzzcng9ypuv6","email":"admin@erp-system.com","roleId":"cmfrwudtd0000vzzco8ifz7hf"}
{"timestamp":"2025-09-20T08:16:36.632Z","level":"WARN","message":"Security event: insufficient_role","event":"insufficient_role","id":"cmfrwuebu0006vzzcng9ypuv6","email":"admin@erp-system.com","roleId":"cmfrwudtd0000vzzco8ifz7hf"}
{"timestamp":"2025-09-20T08:16:36.636Z","level":"WARN","message":"Security event: user_management_denied","event":"user_management_denied","id":"cmfrwuebu0006vzzcng9ypuv6","email":"admin@erp-system.com","roleId":"cmfrwudtd0000vzzco8ifz7hf"}
{"timestamp":"2025-09-20T08:16:37.642Z","level":"WARN","message":"Security event: insufficient_role","event":"insufficient_role","id":"cmfrwuebu0006vzzcng9ypuv6","email":"admin@erp-system.com","roleId":"cmfrwudtd0000vzzco8ifz7hf"}
{"timestamp":"2025-09-20T08:16:37.675Z","level":"WARN","message":"Security event: user_management_denied","event":"user_management_denied","id":"cmfrwuebu0006vzzcng9ypuv6","email":"admin@erp-system.com","roleId":"cmfrwudtd0000vzzco8ifz7hf"}
{"timestamp":"2025-09-20T08:16:39.181Z","level":"WARN","message":"Security event: audit_access_denied","event":"audit_access_denied","id":"cmfrwuebu0006vzzcng9ypuv6","email":"admin@erp-system.com","roleId":"cmfrwudtd0000vzzco8ifz7hf"}
{"timestamp":"2025-09-20T08:16:39.187Z","level":"WARN","message":"Security event: audit_access_denied","event":"audit_access_denied","id":"cmfrwuebu0006vzzcng9ypuv6","email":"admin@erp-system.com","roleId":"cmfrwudtd0000vzzco8ifz7hf"}
{"timestamp":"2025-09-20T08:16:39.198Z","level":"WARN","message":"Security event: audit_access_denied","event":"audit_access_denied","id":"cmfrwuebu0006vzzcng9ypuv6","email":"admin@erp-system.com","roleId":"cmfrwudtd0000vzzco8ifz7hf"}
{"timestamp":"2025-09-20T08:16:39.193Z","level":"WARN","message":"Security event: audit_access_denied","event":"audit_access_denied","id":"cmfrwuebu0006vzzcng9ypuv6","email":"admin@erp-system.com","roleId":"cmfrwudtd0000vzzco8ifz7hf"}
{"timestamp":"2025-09-20T08:16:40.198Z","level":"WARN","message":"Security event: audit_access_denied","event":"audit_access_denied","id":"cmfrwuebu0006vzzcng9ypuv6","email":"admin@erp-system.com","roleId":"cmfrwudtd0000vzzco8ifz7hf"}
{"timestamp":"2025-09-20T08:16:40.276Z","level":"WARN","message":"Security event: audit_access_denied","event":"audit_access_denied","id":"cmfrwuebu0006vzzcng9ypuv6","email":"admin@erp-system.com","roleId":"cmfrwudtd0000vzzco8ifz7hf"}
{"timestamp":"2025-09-20T08:16:40.316Z","level":"WARN","message":"Security event: audit_access_denied","event":"audit_access_denied","id":"cmfrwuebu0006vzzcng9ypuv6","email":"admin@erp-system.com","roleId":"cmfrwudtd0000vzzco8ifz7hf"}
{"timestamp":"2025-09-20T08:16:40.357Z","level":"WARN","message":"Security event: audit_access_denied","event":"audit_access_denied","id":"cmfrwuebu0006vzzcng9ypuv6","email":"admin@erp-system.com","roleId":"cmfrwudtd0000vzzco8ifz7hf"}
{"timestamp":"2025-09-20T08:19:43.873Z","level":"WARN","message":"Security event: audit_access_denied","event":"audit_access_denied","id":"cmfrwuebu0006vzzcng9ypuv6","email":"admin@erp-system.com","roleId":"cmfrwudtd0000vzzco8ifz7hf"}
{"timestamp":"2025-09-20T08:19:43.877Z","level":"WARN","message":"Security event: audit_access_denied","event":"audit_access_denied","id":"cmfrwuebu0006vzzcng9ypuv6","email":"admin@erp-system.com","roleId":"cmfrwudtd0000vzzco8ifz7hf"}
{"timestamp":"2025-09-20T08:19:43.883Z","level":"WARN","message":"Security event: audit_access_denied","event":"audit_access_denied","id":"cmfrwuebu0006vzzcng9ypuv6","email":"admin@erp-system.com","roleId":"cmfrwudtd0000vzzco8ifz7hf"}
{"timestamp":"2025-09-20T08:19:43.887Z","level":"WARN","message":"Security event: audit_access_denied","event":"audit_access_denied","id":"cmfrwuebu0006vzzcng9ypuv6","email":"admin@erp-system.com","roleId":"cmfrwudtd0000vzzco8ifz7hf"}
{"timestamp":"2025-09-20T08:19:44.882Z","level":"WARN","message":"Security event: audit_access_denied","event":"audit_access_denied","id":"cmfrwuebu0006vzzcng9ypuv6","email":"admin@erp-system.com","roleId":"cmfrwudtd0000vzzco8ifz7hf"}
{"timestamp":"2025-09-20T08:19:44.889Z","level":"WARN","message":"Security event: audit_access_denied","event":"audit_access_denied","id":"cmfrwuebu0006vzzcng9ypuv6","email":"admin@erp-system.com","roleId":"cmfrwudtd0000vzzco8ifz7hf"}
{"timestamp":"2025-09-20T08:19:44.920Z","level":"WARN","message":"Security event: audit_access_denied","event":"audit_access_denied","id":"cmfrwuebu0006vzzcng9ypuv6","email":"admin@erp-system.com","roleId":"cmfrwudtd0000vzzco8ifz7hf"}
{"timestamp":"2025-09-20T08:19:44.931Z","level":"WARN","message":"Security event: audit_access_denied","event":"audit_access_denied","id":"cmfrwuebu0006vzzcng9ypuv6","email":"admin@erp-system.com","roleId":"cmfrwudtd0000vzzco8ifz7hf"}
{"timestamp":"2025-09-20T08:38:19.127Z","level":"WARN","message":"Security event: user_management_denied","event":"user_management_denied","id":"cmfrx37f00009vzlc9nfkzk7m","email":"brwubet@gmail.com","roleId":"cmfrwudto0002vzzcnheb454p"}
{"timestamp":"2025-09-20T08:38:19.147Z","level":"WARN","message":"Security event: insufficient_role","event":"insufficient_role","id":"cmfrx37f00009vzlc9nfkzk7m","email":"brwubet@gmail.com","roleId":"cmfrwudto0002vzzcnheb454p"}
{"timestamp":"2025-09-20T08:38:20.154Z","level":"WARN","message":"Security event: user_management_denied","event":"user_management_denied","id":"cmfrx37f00009vzlc9nfkzk7m","email":"brwubet@gmail.com","roleId":"cmfrwudto0002vzzcnheb454p"}
{"timestamp":"2025-09-20T08:38:20.192Z","level":"WARN","message":"Security event: insufficient_role","event":"insufficient_role","id":"cmfrx37f00009vzlc9nfkzk7m","email":"brwubet@gmail.com","roleId":"cmfrwudto0002vzzcnheb454p"}
{"timestamp":"2025-09-20T08:41:53.463Z","level":"WARN","message":"Security event: user_management_denied","event":"user_management_denied","id":"cmfrx37f00009vzlc9nfkzk7m","email":"brwubet@gmail.com","roleId":"cmfrwudto0002vzzcnheb454p"}
{"timestamp":"2025-09-20T08:41:53.486Z","level":"WARN","message":"Security event: insufficient_role","event":"insufficient_role","id":"cmfrx37f00009vzlc9nfkzk7m","email":"brwubet@gmail.com","roleId":"cmfrwudto0002vzzcnheb454p"}
{"timestamp":"2025-09-20T08:41:54.504Z","level":"WARN","message":"Security event: user_management_denied","event":"user_management_denied","id":"cmfrx37f00009vzlc9nfkzk7m","email":"brwubet@gmail.com","roleId":"cmfrwudto0002vzzcnheb454p"}
{"timestamp":"2025-09-20T08:41:54.528Z","level":"WARN","message":"Security event: insufficient_role","event":"insufficient_role","id":"cmfrx37f00009vzlc9nfkzk7m","email":"brwubet@gmail.com","roleId":"cmfrwudto0002vzzcnheb454p"}
{"timestamp":"2025-09-20T08:44:19.392Z","level":"WARN","message":"Security event: user_management_denied","event":"user_management_denied","id":"cmfrx37f00009vzlc9nfkzk7m","email":"brwubet@gmail.com","roleId":"cmfrwudto0002vzzcnheb454p"}
{"timestamp":"2025-09-20T08:44:19.406Z","level":"WARN","message":"Security event: insufficient_role","event":"insufficient_role","id":"cmfrx37f00009vzlc9nfkzk7m","email":"brwubet@gmail.com","roleId":"cmfrwudto0002vzzcnheb454p"}
{"timestamp":"2025-09-20T08:46:01.749Z","level":"WARN","message":"Security event: insufficient_role","event":"insufficient_role","id":"cmfrx37f00009vzlc9nfkzk7m","email":"brwubet@gmail.com","roleId":"cmfrwudto0002vzzcnheb454p"}
{"timestamp":"2025-09-20T08:46:01.773Z","level":"WARN","message":"Security event: user_management_denied","event":"user_management_denied","id":"cmfrx37f00009vzlc9nfkzk7m","email":"brwubet@gmail.com","roleId":"cmfrwudto0002vzzcnheb454p"}
{"timestamp":"2025-09-20T08:47:30.424Z","level":"WARN","message":"Security event: user_management_denied","event":"user_management_denied","id":"cmfrx37f00009vzlc9nfkzk7m","email":"brwubet@gmail.com","roleId":"cmfrwudto0002vzzcnheb454p"}
{"timestamp":"2025-09-20T08:47:30.446Z","level":"WARN","message":"Security event: insufficient_role","event":"insufficient_role","id":"cmfrx37f00009vzlc9nfkzk7m","email":"brwubet@gmail.com","roleId":"cmfrwudto0002vzzcnheb454p"}
{"timestamp":"2025-09-20T08:47:31.456Z","level":"WARN","message":"Security event: user_management_denied","event":"user_management_denied","id":"cmfrx37f00009vzlc9nfkzk7m","email":"brwubet@gmail.com","roleId":"cmfrwudto0002vzzcnheb454p"}
{"timestamp":"2025-09-20T08:47:31.478Z","level":"WARN","message":"Security event: insufficient_role","event":"insufficient_role","id":"cmfrx37f00009vzlc9nfkzk7m","email":"brwubet@gmail.com","roleId":"cmfrwudto0002vzzcnheb454p"}
{"timestamp":"2025-09-20T08:51:16.732Z","level":"WARN","message":"Security event: user_management_denied","event":"user_management_denied","id":"cmfrx37f00009vzlc9nfkzk7m","email":"brwubet@gmail.com","roleId":"cmfrwudto0002vzzcnheb454p"}
{"timestamp":"2025-09-20T08:51:16.744Z","level":"WARN","message":"Security event: insufficient_role","event":"insufficient_role","id":"cmfrx37f00009vzlc9nfkzk7m","email":"brwubet@gmail.com","roleId":"cmfrwudto0002vzzcnheb454p"}
{"timestamp":"2025-09-20T08:51:17.764Z","level":"WARN","message":"Security event: user_management_denied","event":"user_management_denied","id":"cmfrx37f00009vzlc9nfkzk7m","email":"brwubet@gmail.com","roleId":"cmfrwudto0002vzzcnheb454p"}
{"timestamp":"2025-09-20T08:51:17.803Z","level":"WARN","message":"Security event: insufficient_role","event":"insufficient_role","id":"cmfrx37f00009vzlc9nfkzk7m","email":"brwubet@gmail.com","roleId":"cmfrwudto0002vzzcnheb454p"}
{"timestamp":"2025-09-20T08:53:05.454Z","level":"WARN","message":"Security event: user_management_denied","event":"user_management_denied","id":"cmfrwuebu0006vzzcng9ypuv6","email":"admin@erp-system.com","roleId":"cmfrwudtd0000vzzco8ifz7hf"}
{"timestamp":"2025-09-20T08:53:05.467Z","level":"WARN","message":"Security event: insufficient_role","event":"insufficient_role","id":"cmfrwuebu0006vzzcng9ypuv6","email":"admin@erp-system.com","roleId":"cmfrwudtd0000vzzco8ifz7hf"}
{"timestamp":"2025-09-20T08:53:06.480Z","level":"WARN","message":"Security event: user_management_denied","event":"user_management_denied","id":"cmfrwuebu0006vzzcng9ypuv6","email":"admin@erp-system.com","roleId":"cmfrwudtd0000vzzco8ifz7hf"}
{"timestamp":"2025-09-20T08:53:06.519Z","level":"WARN","message":"Security event: insufficient_role","event":"insufficient_role","id":"cmfrwuebu0006vzzcng9ypuv6","email":"admin@erp-system.com","roleId":"cmfrwudtd0000vzzco8ifz7hf"}
{"timestamp":"2025-09-20T08:53:19.352Z","level":"WARN","message":"Security event: insufficient_role","event":"insufficient_role","id":"cmfrwuebu0006vzzcng9ypuv6","email":"admin@erp-system.com","roleId":"cmfrwudtd0000vzzco8ifz7hf"}
{"timestamp":"2025-09-20T08:53:19.372Z","level":"WARN","message":"Security event: user_management_denied","event":"user_management_denied","id":"cmfrwuebu0006vzzcng9ypuv6","email":"admin@erp-system.com","roleId":"cmfrwudtd0000vzzco8ifz7hf"}
{"timestamp":"2025-09-20T08:53:20.377Z","level":"WARN","message":"Security event: insufficient_role","event":"insufficient_role","id":"cmfrwuebu0006vzzcng9ypuv6","email":"admin@erp-system.com","roleId":"cmfrwudtd0000vzzco8ifz7hf"}
{"timestamp":"2025-09-20T08:53:20.400Z","level":"WARN","message":"Security event: user_management_denied","event":"user_management_denied","id":"cmfrwuebu0006vzzcng9ypuv6","email":"admin@erp-system.com","roleId":"cmfrwudtd0000vzzco8ifz7hf"}
{"timestamp":"2025-09-20T08:53:21.835Z","level":"WARN","message":"Security event: audit_access_denied","event":"audit_access_denied","id":"cmfrwuebu0006vzzcng9ypuv6","email":"admin@erp-system.com","roleId":"cmfrwudtd0000vzzco8ifz7hf"}
{"timestamp":"2025-09-20T08:53:21.852Z","level":"WARN","message":"Security event: audit_access_denied","event":"audit_access_denied","id":"cmfrwuebu0006vzzcng9ypuv6","email":"admin@erp-system.com","roleId":"cmfrwudtd0000vzzco8ifz7hf"}
{"timestamp":"2025-09-20T08:53:21.871Z","level":"WARN","message":"Security event: audit_access_denied","event":"audit_access_denied","id":"cmfrwuebu0006vzzcng9ypuv6","email":"admin@erp-system.com","roleId":"cmfrwudtd0000vzzco8ifz7hf"}
{"timestamp":"2025-09-20T08:53:21.913Z","level":"WARN","message":"Security event: audit_access_denied","event":"audit_access_denied","id":"cmfrwuebu0006vzzcng9ypuv6","email":"admin@erp-system.com","roleId":"cmfrwudtd0000vzzco8ifz7hf"}
{"timestamp":"2025-09-20T08:53:22.866Z","level":"WARN","message":"Security event: audit_access_denied","event":"audit_access_denied","id":"cmfrwuebu0006vzzcng9ypuv6","email":"admin@erp-system.com","roleId":"cmfrwudtd0000vzzco8ifz7hf"}
{"timestamp":"2025-09-20T08:53:23.008Z","level":"WARN","message":"Security event: audit_access_denied","event":"audit_access_denied","id":"cmfrwuebu0006vzzcng9ypuv6","email":"admin@erp-system.com","roleId":"cmfrwudtd0000vzzco8ifz7hf"}
{"timestamp":"2025-09-20T08:53:23.050Z","level":"WARN","message":"Security event: audit_access_denied","event":"audit_access_denied","id":"cmfrwuebu0006vzzcng9ypuv6","email":"admin@erp-system.com","roleId":"cmfrwudtd0000vzzco8ifz7hf"}
{"timestamp":"2025-09-20T08:53:23.086Z","level":"WARN","message":"Security event: audit_access_denied","event":"audit_access_denied","id":"cmfrwuebu0006vzzcng9ypuv6","email":"admin@erp-system.com","roleId":"cmfrwudtd0000vzzco8ifz7hf"}
{"timestamp":"2025-09-20T08:53:35.432Z","level":"WARN","message":"Security event: insufficient_role","event":"insufficient_role","id":"cmfrwuebu0006vzzcng9ypuv6","email":"admin@erp-system.com","roleId":"cmfrwudtd0000vzzco8ifz7hf"}
{"timestamp":"2025-09-20T08:53:35.440Z","level":"WARN","message":"Security event: user_management_denied","event":"user_management_denied","id":"cmfrwuebu0006vzzcng9ypuv6","email":"admin@erp-system.com","roleId":"cmfrwudtd0000vzzco8ifz7hf"}
{"timestamp":"2025-09-20T08:53:36.489Z","level":"WARN","message":"Security event: insufficient_role","event":"insufficient_role","id":"cmfrwuebu0006vzzcng9ypuv6","email":"admin@erp-system.com","roleId":"cmfrwudtd0000vzzco8ifz7hf"}
{"timestamp":"2025-09-20T08:53:36.517Z","level":"WARN","message":"Security event: user_management_denied","event":"user_management_denied","id":"cmfrwuebu0006vzzcng9ypuv6","email":"admin@erp-system.com","roleId":"cmfrwudtd0000vzzco8ifz7hf"}
{"timestamp":"2025-09-20T08:54:03.049Z","level":"WARN","message":"Security event: admin_required","event":"admin_required","id":"cmfrwuebu0006vzzcng9ypuv6","email":"admin@erp-system.com","roleId":"cmfrwudtd0000vzzco8ifz7hf"}
{"timestamp":"2025-09-20T08:54:20.024Z","level":"WARN","message":"Security event: admin_required","event":"admin_required","id":"cmfrwuebu0006vzzcng9ypuv6","email":"admin@erp-system.com","roleId":"cmfrwudtd0000vzzco8ifz7hf"}
{"timestamp":"2025-09-20T14:18:53.662Z","level":"WARN","message":"Security event: user_management_denied","event":"user_management_denied","id":"cmfrx37f00009vzlc9nfkzk7m","email":"brwubet@gmail.com","roleId":"cmfrwudto0002vzzcnheb454p"}
{"timestamp":"2025-09-20T14:18:53.673Z","level":"WARN","message":"Security event: insufficient_role","event":"insufficient_role","id":"cmfrx37f00009vzlc9nfkzk7m","email":"brwubet@gmail.com","roleId":"cmfrwudto0002vzzcnheb454p"}
{"timestamp":"2025-09-20T14:18:54.691Z","level":"WARN","message":"Security event: user_management_denied","event":"user_management_denied","id":"cmfrx37f00009vzlc9nfkzk7m","email":"brwubet@gmail.com","roleId":"cmfrwudto0002vzzcnheb454p"}
{"timestamp":"2025-09-20T14:18:54.710Z","level":"WARN","message":"Security event: insufficient_role","event":"insufficient_role","id":"cmfrx37f00009vzlc9nfkzk7m","email":"brwubet@gmail.com","roleId":"cmfrwudto0002vzzcnheb454p"}
{"timestamp":"2025-09-20T14:39:44.656Z","level":"WARN","message":"Security event: user_management_denied","event":"user_management_denied","id":"cmfrx37f00009vzlc9nfkzk7m","email":"brwubet@gmail.com","roleId":"cmfrwudto0002vzzcnheb454p"}
{"timestamp":"2025-09-20T14:39:44.707Z","level":"WARN","message":"Security event: insufficient_role","event":"insufficient_role","id":"cmfrx37f00009vzlc9nfkzk7m","email":"brwubet@gmail.com","roleId":"cmfrwudto0002vzzcnheb454p"}
{"timestamp":"2025-09-20T14:43:16.443Z","level":"WARN","message":"Security event: user_management_denied","event":"user_management_denied","id":"cmfrx37f00009vzlc9nfkzk7m","email":"brwubet@gmail.com","roleId":"cmfrwudto0002vzzcnheb454p"}
{"timestamp":"2025-09-20T14:43:16.499Z","level":"WARN","message":"Security event: insufficient_role","event":"insufficient_role","id":"cmfrx37f00009vzlc9nfkzk7m","email":"brwubet@gmail.com","roleId":"cmfrwudto0002vzzcnheb454p"}
{"timestamp":"2025-09-20T14:43:28.326Z","level":"WARN","message":"Security event: user_management_denied","event":"user_management_denied","id":"cmfrx37f00009vzlc9nfkzk7m","email":"brwubet@gmail.com","roleId":"cmfrwudto0002vzzcnheb454p"}
{"timestamp":"2025-09-20T14:43:28.336Z","level":"WARN","message":"Security event: insufficient_role","event":"insufficient_role","id":"cmfrx37f00009vzlc9nfkzk7m","email":"brwubet@gmail.com","roleId":"cmfrwudto0002vzzcnheb454p"}
{"timestamp":"2025-09-20T14:43:34.352Z","level":"WARN","message":"Security event: user_management_denied","event":"user_management_denied","id":"cmfrx37f00009vzlc9nfkzk7m","email":"brwubet@gmail.com","roleId":"cmfrwudto0002vzzcnheb454p"}
{"timestamp":"2025-09-20T14:43:34.365Z","level":"WARN","message":"Security event: insufficient_role","event":"insufficient_role","id":"cmfrx37f00009vzlc9nfkzk7m","email":"brwubet@gmail.com","roleId":"cmfrwudto0002vzzcnheb454p"}
{"timestamp":"2025-09-20T14:43:40.324Z","level":"WARN","message":"Security event: user_management_denied","event":"user_management_denied","id":"cmfrx37f00009vzlc9nfkzk7m","email":"brwubet@gmail.com","roleId":"cmfrwudto0002vzzcnheb454p"}
{"timestamp":"2025-09-20T14:43:40.333Z","level":"WARN","message":"Security event: insufficient_role","event":"insufficient_role","id":"cmfrx37f00009vzlc9nfkzk7m","email":"brwubet@gmail.com","roleId":"cmfrwudto0002vzzcnheb454p"}
{"timestamp":"2025-09-20T14:43:45.348Z","level":"WARN","message":"Security event: user_management_denied","event":"user_management_denied","id":"cmfrx37f00009vzlc9nfkzk7m","email":"brwubet@gmail.com","roleId":"cmfrwudto0002vzzcnheb454p"}
{"timestamp":"2025-09-20T14:43:45.373Z","level":"WARN","message":"Security event: insufficient_role","event":"insufficient_role","id":"cmfrx37f00009vzlc9nfkzk7m","email":"brwubet@gmail.com","roleId":"cmfrwudto0002vzzcnheb454p"}
{"timestamp":"2025-09-20T14:43:55.309Z","level":"WARN","message":"Security event: user_management_denied","event":"user_management_denied","id":"cmfrx37f00009vzlc9nfkzk7m","email":"brwubet@gmail.com","roleId":"cmfrwudto0002vzzcnheb454p"}
{"timestamp":"2025-09-20T14:43:55.321Z","level":"WARN","message":"Security event: insufficient_role","event":"insufficient_role","id":"cmfrx37f00009vzlc9nfkzk7m","email":"brwubet@gmail.com","roleId":"cmfrwudto0002vzzcnheb454p"}
{"timestamp":"2025-09-20T14:44:16.322Z","level":"WARN","message":"Security event: user_management_denied","event":"user_management_denied","id":"cmfrx37f00009vzlc9nfkzk7m","email":"brwubet@gmail.com","roleId":"cmfrwudto0002vzzcnheb454p"}
{"timestamp":"2025-09-20T14:44:16.329Z","level":"WARN","message":"Security event: insufficient_role","event":"insufficient_role","id":"cmfrx37f00009vzlc9nfkzk7m","email":"brwubet@gmail.com","roleId":"cmfrwudto0002vzzcnheb454p"}
{"timestamp":"2025-09-20T14:46:13.289Z","level":"WARN","message":"Security event: user_management_denied","event":"user_management_denied","id":"cmfrx37f00009vzlc9nfkzk7m","email":"brwubet@gmail.com","roleId":"cmfrwudto0002vzzcnheb454p"}
{"timestamp":"2025-09-20T14:46:13.298Z","level":"WARN","message":"Security event: insufficient_role","event":"insufficient_role","id":"cmfrx37f00009vzlc9nfkzk7m","email":"brwubet@gmail.com","roleId":"cmfrwudto0002vzzcnheb454p"}
{"timestamp":"2025-09-20T14:46:24.948Z","level":"WARN","message":"Security event: user_management_denied","event":"user_management_denied","id":"cmfrx37f00009vzlc9nfkzk7m","email":"brwubet@gmail.com","roleId":"cmfrwudto0002vzzcnheb454p"}
{"timestamp":"2025-09-20T14:46:24.971Z","level":"WARN","message":"Security event: insufficient_role","event":"insufficient_role","id":"cmfrx37f00009vzlc9nfkzk7m","email":"brwubet@gmail.com","roleId":"cmfrwudto0002vzzcnheb454p"}
{"timestamp":"2025-09-20T14:46:45.705Z","level":"WARN","message":"Security event: user_management_denied","event":"user_management_denied","id":"cmfrx37f00009vzlc9nfkzk7m","email":"brwubet@gmail.com","roleId":"cmfrwudto0002vzzcnheb454p"}
{"timestamp":"2025-09-20T14:46:45.715Z","level":"WARN","message":"Security event: insufficient_role","event":"insufficient_role","id":"cmfrx37f00009vzlc9nfkzk7m","email":"brwubet@gmail.com","roleId":"cmfrwudto0002vzzcnheb454p"}
{"timestamp":"2025-09-20T14:46:46.748Z","level":"WARN","message":"Security event: user_management_denied","event":"user_management_denied","id":"cmfrx37f00009vzlc9nfkzk7m","email":"brwubet@gmail.com","roleId":"cmfrwudto0002vzzcnheb454p"}
{"timestamp":"2025-09-20T14:46:46.760Z","level":"WARN","message":"Security event: insufficient_role","event":"insufficient_role","id":"cmfrx37f00009vzlc9nfkzk7m","email":"brwubet@gmail.com","roleId":"cmfrwudto0002vzzcnheb454p"}
{"timestamp":"2025-09-20T15:02:26.573Z","level":"WARN","message":"Security event: login_failed_user_not_found","event":"login_failed_user_not_found","email":"admin@example.com","ip":"::1"}
{"timestamp":"2025-09-22T13:21:42.270Z","level":"WARN","message":"Security event: login_failed_invalid_password","event":"login_failed_invalid_password","userId":"cmfrylshw0001vz4w5f6rwf4k","email":"briewubet1192@gmil.com","ip":"::1"}
{"timestamp":"2025-09-22T14:55:15.211Z","level":"WARN","message":"Security event: login_failed_invalid_password","event":"login_failed_invalid_password","userId":"cmfrx37f00009vzlc9nfkzk7m","email":"brwubet@gmail.com","ip":"::1"}
{"timestamp":"2025-09-24T03:57:03.126Z","level":"WARN","message":"Security event: login_failed_user_not_found","event":"login_failed_user_not_found","email":"admin@example.com","ip":"::1"}
{"timestamp":"2025-09-24T08:07:20.520Z","level":"WARN","message":"Security event: login_failed_invalid_password","event":"login_failed_invalid_password","userId":"cmfrwuebu0006vzzcng9ypuv6","email":"admin@erp-system.com","ip":"::1"}
{"timestamp":"2025-09-24T08:29:19.513Z","level":"WARN","message":"Security event: login_failed_user_not_found","event":"login_failed_user_not_found","email":"briewubet1192@gmail.com","ip":"::1"}
{"timestamp":"2025-09-24T08:29:42.146Z","level":"WARN","message":"Security event: login_failed_user_not_found","event":"login_failed_user_not_found","email":"briewubet1192@gmail.com","ip":"::1"}
{"timestamp":"2025-09-24T10:20:20.861Z","level":"WARN","message":"Security event: login_failed_user_not_found","event":"login_failed_user_not_found","email":"briecoder@gmail.com","ip":"::1"}
{"timestamp":"2025-09-24T10:21:41.086Z","level":"WARN","message":"Security event: login_failed_user_not_found","event":"login_failed_user_not_found","email":"briecoder@gmail.com","ip":"::1"}
{"timestamp":"2025-09-27T03:25:14.301Z","level":"WARN","message":"Security event: login_failed_invalid_password","event":"login_failed_invalid_password","userId":"cmfrx37f00009vzlc9nfkzk7m","email":"brwubet@gmail.com","ip":"::1"}
{"timestamp":"2025-09-27T03:32:20.181Z","level":"WARN","message":"Security event: resource_access_denied","event":"resource_access_denied","id":"cmfrx37f00009vzlc9nfkzk7m","email":"brwubet@gmail.com","roleId":"cmfrwudto0002vzzcnheb454p","role":{"id":"cmfrwudto0002vzzcnheb454p","name":"hr","scope":"hr","createdAt":"2025-09-20T06:51:37.212Z","updatedAt":"2025-09-20T06:51:37.212Z"}}
{"timestamp":"2025-09-27T03:32:21.225Z","level":"WARN","message":"Security event: resource_access_denied","event":"resource_access_denied","id":"cmfrx37f00009vzlc9nfkzk7m","email":"brwubet@gmail.com","roleId":"cmfrwudto0002vzzcnheb454p","role":{"id":"cmfrwudto0002vzzcnheb454p","name":"hr","scope":"hr","createdAt":"2025-09-20T06:51:37.212Z","updatedAt":"2025-09-20T06:51:37.212Z"}}
{"timestamp":"2025-09-27T03:37:48.569Z","level":"WARN","message":"Security event: resource_access_denied","event":"resource_access_denied","id":"cmfrx37f00009vzlc9nfkzk7m","email":"brwubet@gmail.com","roleId":"cmfrwudto0002vzzcnheb454p","role":{"id":"cmfrwudto0002vzzcnheb454p","name":"hr","scope":"hr","createdAt":"2025-09-20T06:51:37.212Z","updatedAt":"2025-09-20T06:51:37.212Z"}}
{"timestamp":"2025-09-27T03:37:49.609Z","level":"WARN","message":"Security event: resource_access_denied","event":"resource_access_denied","id":"cmfrx37f00009vzlc9nfkzk7m","email":"brwubet@gmail.com","roleId":"cmfrwudto0002vzzcnheb454p","role":{"id":"cmfrwudto0002vzzcnheb454p","name":"hr","scope":"hr","createdAt":"2025-09-20T06:51:37.212Z","updatedAt":"2025-09-20T06:51:37.212Z"}}
{"timestamp":"2025-09-27T03:39:00.071Z","level":"WARN","message":"Security event: resource_access_denied","event":"resource_access_denied","id":"cmfrx37f00009vzlc9nfkzk7m","email":"brwubet@gmail.com","roleId":"cmfrwudto0002vzzcnheb454p","role":{"id":"cmfrwudto0002vzzcnheb454p","name":"hr","scope":"hr","createdAt":"2025-09-20T06:51:37.212Z","updatedAt":"2025-09-20T06:51:37.212Z"}}
{"timestamp":"2025-09-27T03:39:01.133Z","level":"WARN","message":"Security event: resource_access_denied","event":"resource_access_denied","id":"cmfrx37f00009vzlc9nfkzk7m","email":"brwubet@gmail.com","roleId":"cmfrwudto0002vzzcnheb454p","role":{"id":"cmfrwudto0002vzzcnheb454p","name":"hr","scope":"hr","createdAt":"2025-09-20T06:51:37.212Z","updatedAt":"2025-09-20T06:51:37.212Z"}}
{"timestamp":"2025-09-27T03:42:51.731Z","level":"WARN","message":"Security event: resource_access_denied","event":"resource_access_denied","id":"cmfrx37f00009vzlc9nfkzk7m","email":"brwubet@gmail.com","roleId":"cmfrwudto0002vzzcnheb454p","role":{"id":"cmfrwudto0002vzzcnheb454p","name":"hr","scope":"hr","createdAt":"2025-09-20T06:51:37.212Z","updatedAt":"2025-09-20T06:51:37.212Z"}}
{"timestamp":"2025-09-27T03:42:52.770Z","level":"WARN","message":"Security event: resource_access_denied","event":"resource_access_denied","id":"cmfrx37f00009vzlc9nfkzk7m","email":"brwubet@gmail.com","roleId":"cmfrwudto0002vzzcnheb454p","role":{"id":"cmfrwudto0002vzzcnheb454p","name":"hr","scope":"hr","createdAt":"2025-09-20T06:51:37.212Z","updatedAt":"2025-09-20T06:51:37.212Z"}}
{"timestamp":"2025-09-27T03:44:27.141Z","level":"WARN","message":"Security event: login_failed_user_not_found","event":"login_failed_user_not_found","email":"admin@erp-system.com","ip":"::1"}
{"timestamp":"2025-09-27T03:44:45.287Z","level":"WARN","message":"Security event: login_failed_user_not_found","event":"login_failed_user_not_found","email":"admin@erp-system.com","ip":"::1"}
{"timestamp":"2025-09-27T03:45:11.394Z","level":"WARN","message":"Security event: login_failed_user_not_found","event":"login_failed_user_not_found","email":"admin@erp-system.com","ip":"::1"}
{"timestamp":"2025-09-27T03:45:29.621Z","level":"WARN","message":"Security event: login_failed_user_not_found","event":"login_failed_user_not_found","email":"admin@erp-system.com","ip":"::1"}
{"timestamp":"2025-09-27T03:47:11.704Z","level":"WARN","message":"Security event: login_failed_invalid_password","event":"login_failed_invalid_password","userId":"cmfrwuebu0006vzzcng9ypuv6","email":"briecoder@gmail.com","ip":"::1"}
{"timestamp":"2025-09-27T03:47:23.902Z","level":"WARN","message":"Security event: login_failed_invalid_password","event":"login_failed_invalid_password","userId":"cmfrwuebu0006vzzcng9ypuv6","email":"briecoder@gmail.com","ip":"::1"}
{"timestamp":"2025-09-27T05:57:39.907Z","level":"WARN","message":"Security event: login_failed_invalid_password","event":"login_failed_invalid_password","userId":"cmfrx37f00009vzlc9nfkzk7m","email":"brwubet@gmail.com","ip":"::1"}
{"timestamp":"2025-10-07T15:14:04.113Z","level":"WARN","message":"Security event: login_failed_user_not_found","event":"login_failed_user_not_found","email":"admin@erp-system.com","ip":"::1"}
{"timestamp":"2025-10-07T15:14:52.607Z","level":"WARN","message":"Security event: login_failed_user_not_found","event":"login_failed_user_not_found","email":"biecoder@gmail.com","ip":"::1"}
